[2025-10-06 15:18:13] [info]  [13524] Apache Commons Daemon procrun (1.4.1.0 32-bit) started.
[2025-10-06 15:18:13] [info]  [13524] Running Service 'CSC_SAC_Service'...
[2025-10-06 15:18:13] [info]  [17692] Starting service...
[2025-10-06 15:18:53] [info]  [22916] Apache Commons Daemon procrun (1.4.1.0 32-bit) started.
[2025-10-06 15:18:53] [info]  [22916] Running Service 'CSC_SAC_Service'...
[2025-10-06 15:18:53] [info]  [28944] Starting service...
[2025-10-06 15:19:14] [info]  [20536] Apache Commons Daemon procrun (1.4.1.0 32-bit) started.
[2025-10-06 15:19:14] [info]  [20536] Running Service 'CSC_SAC_Service'...
[2025-10-06 15:19:14] [info]  [27804] Starting service...
[2025-10-06 15:21:08] [info]  [27264] Apache Commons Daemon procrun (1.4.1.0 32-bit) started.
[2025-10-06 15:21:08] [info]  [27264] Running Service 'CSC_SAC_Service'...
[2025-10-06 15:21:08] [info]  [39048] Starting service...
[2025-10-06 15:22:42] [info]  [19984] Apache Commons Daemon procrun (1.4.1.0 32-bit) started.
[2025-10-06 15:22:42] [info]  [19984] Running Service 'CSC_SAC_Service'...
[2025-10-06 15:22:42] [info]  [39664] Starting service...
[2025-10-06 15:34:17] [info]  [21716] Apache Commons Daemon procrun (1.4.1.0 32-bit) started.
[2025-10-06 15:34:17] [info]  [21716] Running Service 'CSC_SAC_Service'...
[2025-10-06 15:34:17] [info]  [16780] Starting service...
[2025-10-06 15:34:17] [error] [16780] Failed to execute process.
[2025-10-06 15:34:17] [error] [16780] The directory name is invalid.
[2025-10-06 15:34:17] [error] [16780] ServiceStart returned 5.
[2025-10-06 15:34:17] [error] [16780] The directory name is invalid.
[2025-10-06 15:34:17] [info]  [21716] Run service finished.
[2025-10-06 15:34:17] [info]  [21716] Apache Commons Daemon procrun finished.
[2025-10-06 15:37:11] [info]  [23988] Apache Commons Daemon procrun (1.4.1.0 32-bit) started.
[2025-10-06 15:37:11] [info]  [23988] Running Service 'CSC_SAC_Service'...
[2025-10-06 15:37:11] [info]  [40096] Starting service...
[2025-10-06 15:37:11] [error] [40096] Failed to execute process.
[2025-10-06 15:37:11] [error] [40096] The directory name is invalid.
[2025-10-06 15:37:11] [error] [40096] ServiceStart returned 5.
[2025-10-06 15:37:11] [error] [40096] The directory name is invalid.
[2025-10-06 15:37:11] [info]  [23988] Run service finished.
[2025-10-06 15:37:11] [info]  [23988] Apache Commons Daemon procrun finished.
[2025-10-06 15:49:32] [info]  [31348] Apache Commons Daemon procrun (1.4.1.0 32-bit) started.
[2025-10-06 15:49:32] [info]  [31348] Running Service 'CSC_SAC_Service'...
[2025-10-06 15:49:32] [info]  [31848] Starting service...
[2025-10-06 15:49:33] [error] [31848] Failed to execute process.
[2025-10-06 15:49:33] [error] [31848] The system cannot find the path specified.
[2025-10-06 15:49:33] [error] [31848] ServiceStart returned 5.
[2025-10-06 15:49:33] [error] [31848] The system cannot find the path specified.
[2025-10-06 15:49:33] [info]  [31348] Run service finished.
[2025-10-06 15:49:33] [info]  [31348] Apache Commons Daemon procrun finished.
[2025-10-06 15:50:15] [info]  [25764] Apache Commons Daemon procrun (1.4.1.0 32-bit) started.
[2025-10-06 15:50:15] [info]  [25764] Running Service 'CSC_SAC_Service'...
[2025-10-06 15:50:15] [info]  [38204] Starting service...
[2025-10-06 15:50:15] [error] [38204] Failed to execute process.
[2025-10-06 15:50:15] [error] [38204] The system cannot find the path specified.
[2025-10-06 15:50:15] [error] [38204] ServiceStart returned 5.
[2025-10-06 15:50:15] [error] [38204] The system cannot find the path specified.
[2025-10-06 15:50:15] [info]  [25764] Run service finished.
[2025-10-06 15:50:15] [info]  [25764] Apache Commons Daemon procrun finished.
[2025-10-06 15:51:22] [info]  [24204] Apache Commons Daemon procrun (1.4.1.0 32-bit) started.
[2025-10-06 15:51:22] [info]  [24204] Running Service 'CSC_SAC_Service'...
[2025-10-06 15:51:22] [info]  [42072] Starting service...
[2025-10-06 15:51:22] [error] [42072] The user name or password is incorrect.
[2025-10-06 15:51:22] [error] [42072] Failed to create process.
[2025-10-06 15:51:22] [error] [42072] The user name or password is incorrect.
[2025-10-06 15:51:22] [error] [42072] ServiceStart returned 1.
[2025-10-06 15:51:22] [error] [42072] The user name or password is incorrect.
[2025-10-06 15:51:22] [info]  [24204] Run service finished.
[2025-10-06 15:51:23] [info]  [24204] Apache Commons Daemon procrun finished.
